This is pdfTeX, Version 3.14159265-2.6-1.40.20 (TeX Live 2019/Debian) (preloaded format=pdflatex 2021.9.23)  25 SEP 2021 22:17
entering extended mode
 restricted \write18 enabled.
 %&-line parsing enabled.
**/home/kang/Documents/semester_03/pbo/java/tex.tex
(/home/kang/Documents/semester_03/pbo/java/tex.tex
LaTeX2e <2020-02-02> patch level 2
L3 programming layer <2020-02-14>)
*
! Emergency stop.
<*> ...kang/Documents/semester_03/pbo/java/tex.tex
                                                   
Here is how much of TeX's memory you used:
 17 strings out of 483140
 497 string characters out of 5965151
 231752 words of memory out of 5000000
 15140 multiletter control sequences out of 15000+600000
 532338 words of font info for 24 fonts, out of 8000000 for 9000
 36 hyphenation exceptions out of 8191
 12i,0n,15p,81b,8s stack positions out of 5000i,500n,10000p,200000b,80000s

!  ==> Fatal error occurred, no output PDF file produced!
